[debug] [2024-01-21T11:53:43.435Z] ----------------------------------------------------------------------
[debug] [2024-01-21T11:53:43.436Z] Command:       /Users/gavinosborne/.nvm/versions/node/v18.18.2/bin/node /Users/gavinosborne/.nvm/versions/node/v16.16.0/bin/firebase init
[debug] [2024-01-21T11:53:43.436Z] CLI Version:   13.0.3
[debug] [2024-01-21T11:53:43.436Z] Platform:      darwin
[debug] [2024-01-21T11:53:43.437Z] Node Version:  v18.18.2
[debug] [2024-01-21T11:53:43.437Z] Time:          Sun Jan 21 2024 20:53:43 GMT+0900 (Japan Standard Time)
[debug] [2024-01-21T11:53:43.437Z] ----------------------------------------------------------------------
[debug] 
[debug] [2024-01-21T11:53:43.441Z] > command requires scopes: ["email","openid","https://www.googleapis.com/auth/cloudplatformprojects.readonly","https://www.googleapis.com/auth/firebase","https://www.googleapis.com/auth/cloud-platform"]
[debug] [2024-01-21T11:53:43.441Z] > authorizing via signed-in user (gavin.r.osborne@gmail.com)
[info] 
     ######## #### ########  ######## ########     ###     ######  ########
     ##        ##  ##     ## ##       ##     ##  ##   ##  ##       ##
     ######    ##  ########  ######   ########  #########  ######  ######
     ##        ##  ##    ##  ##       ##     ## ##     ##       ## ##
     ##       #### ##     ## ######## ########  ##     ##  ######  ########

You're about to initialize a Firebase project in this directory:

  /Users/gavinosborne/Documents/Work/photoWebsite/code

[info] 
=== Project Setup
[info] 
[info] First, let's associate this project directory with a Firebase project.
[info] You can create multiple project aliases by running firebase use --add, 
[info] but for now we'll just set up a default project.
[info] 
[debug] [2024-01-21T11:53:53.770Z] > refreshing access token with scopes: []
[debug] [2024-01-21T11:53:53.771Z] >>> [apiv2][query] POST https://www.googleapis.com/oauth2/v3/token [none]
[debug] [2024-01-21T11:53:53.771Z] >>> [apiv2][body] POST https://www.googleapis.com/oauth2/v3/token [omitted]
[debug] [2024-01-21T11:53:53.960Z] <<< [apiv2][status] POST https://www.googleapis.com/oauth2/v3/token 200
[debug] [2024-01-21T11:53:53.960Z] <<< [apiv2][body] POST https://www.googleapis.com/oauth2/v3/token [omitted]
[debug] [2024-01-21T11:53:53.974Z] >>> [apiv2][query] GET https://firebase.googleapis.com/v1beta1/projects pageSize=100
[debug] [2024-01-21T11:53:54.580Z] <<< [apiv2][status] GET https://firebase.googleapis.com/v1beta1/projects 200
[debug] [2024-01-21T11:53:54.580Z] <<< [apiv2][body] GET https://firebase.googleapis.com/v1beta1/projects [omitted]
[info] i  Using project portfolio-13886 (portfolio) 
[info] 
=== Hosting Setup
[debug] [2024-01-21T11:53:57.410Z] >>> [apiv2][query] GET https://firebase.googleapis.com/v1beta1/projects/portfolio-13886 [none]
[debug] [2024-01-21T11:53:57.848Z] <<< [apiv2][status] GET https://firebase.googleapis.com/v1beta1/projects/portfolio-13886 200
[debug] [2024-01-21T11:53:57.849Z] <<< [apiv2][body] GET https://firebase.googleapis.com/v1beta1/projects/portfolio-13886 {"projectId":"portfolio-13886","projectNumber":"407821304615","displayName":"portfolio","name":"projects/portfolio-13886","resources":{"hostingSite":"portfolio-13886"},"state":"ACTIVE","etag":"1_ea7daeba-a22c-4d15-8140-658699d33403"}
[info] 
[info] Your public directory is the folder (relative to your project directory) that
[info] will contain Hosting assets to be uploaded with firebase deploy. If you
[info] have a build process for your assets, use your build's output directory.
[info] 
[info] ✔  Wrote Views/404.html 
[debug] [2024-01-21T11:54:38.302Z] >>> [apiv2][query] GET https://www.gstatic.com/firebasejs/releases.json [none]
[debug] [2024-01-21T11:54:38.463Z] <<< [apiv2][status] GET https://www.gstatic.com/firebasejs/releases.json 200
[debug] [2024-01-21T11:54:38.463Z] <<< [apiv2][body] GET https://www.gstatic.com/firebasejs/releases.json {"current":{"version":"10.7.2","browserURL":"https://www.gstatic.com/firebasejs/10.7.2/firebase.js","packageURL":"https://www.gstatic.com/firebasejs/10.7.2/firebase.tgz"},"live":{"version":"10.7","browserURL":"https://www.gstatic.com/firebasejs/live/10.7/firebase.js","packageURL":"https://www.gstatic.com/firebasejs/live/10.7/firebase.tgz"},"components":{"analytics":"https://www.gstatic.com/firebasejs/10.7.2/firebase-analytics.js","app":"https://www.gstatic.com/firebasejs/10.7.2/firebase-app.js","app-check":"https://www.gstatic.com/firebasejs/10.7.2/firebase-app-check.js","auth":"https://www.gstatic.com/firebasejs/10.7.2/firebase-auth.js","auth/cordova":"https://www.gstatic.com/firebasejs/10.7.2/firebase-auth/cordova.js","functions":"https://www.gstatic.com/firebasejs/10.7.2/firebase-functions.js","firestore":"https://www.gstatic.com/firebasejs/10.7.2/firebase-firestore.js","firestore/lite":"https://www.gstatic.com/firebasejs/10.7.2/firebase-firestore/lite.js","installations":"https://www.gstatic.com/firebasejs/10.7.2/firebase-installations.js","storage":"https://www.gstatic.com/firebasejs/10.7.2/firebase-storage.js","performance":"https://www.gstatic.com/firebasejs/10.7.2/firebase-performance.js","remote-config":"https://www.gstatic.com/firebasejs/10.7.2/firebase-remote-config.js","messaging":"https://www.gstatic.com/firebasejs/10.7.2/firebase-messaging.js","messaging/sw":"https://www.gstatic.com/firebasejs/10.7.2/firebase-messaging/sw.js","database":"https://www.gstatic.com/firebasejs/10.7.2/firebase-database.js","firestore.memory":"https://www.gstatic.com/firebasejs/10.7.2/firebase-firestore.memory.js"}}
[info] ✔  Wrote Views/index.html 
[info] 
[info] i  Detected a .git folder at /Users/gavinosborne/Documents/Work/photoWebsite/code 
[info] i  Authorizing with GitHub to upload your service account to a GitHub repository's secrets store. 
[info] 
[info] Visit this URL on this device to log in:
[info] https://github.com/login/oauth/authorize?client_id=89cf50f02ac6aaed3484&state=340535919&redirect_uri=http%3A%2F%2Flocalhost%3A9005&scope=read%3Auser%20repo%20public_repo
[info] 
[info] Waiting for authentication...
[debug] [2024-01-21T11:54:38.909Z] >>> [apiv2][query] POST https://github.com/login/oauth/access_token [none]
[debug] [2024-01-21T11:54:38.910Z] >>> [apiv2][body] POST https://github.com/login/oauth/access_token [stream]
[debug] [2024-01-21T11:54:39.256Z] <<< [apiv2][status] POST https://github.com/login/oauth/access_token 200
[debug] [2024-01-21T11:54:39.256Z] <<< [apiv2][body] POST https://github.com/login/oauth/access_token {"access_token":"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","token_type":"bearer","scope":"read:user,repo"}
[debug] [2024-01-21T11:54:39.269Z] >>> [apiv2][query] GET https://api.github.com/user [none]
[debug] [2024-01-21T11:54:39.609Z] <<< [apiv2][status] GET https://api.github.com/user 200
[debug] [2024-01-21T11:54:39.610Z] <<< [apiv2][body] GET https://api.github.com/user {"login":"Gavino41","id":88917400,"node_id":"MDQ6VXNlcjg4OTE3NDAw","avatar_url":"https://avatars.githubusercontent.com/u/88917400?v=4","gravatar_id":"","url":"https://api.github.com/users/Gavino41","html_url":"https://github.com/Gavino41","followers_url":"https://api.github.com/users/Gavino41/followers","following_url":"https://api.github.com/users/Gavino41/following{/other_user}","gists_url":"https://api.github.com/users/Gavino41/gists{/gist_id}","starred_url":"https://api.github.com/users/Gavino41/starred{/owner}{/repo}","subscriptions_url":"https://api.github.com/users/Gavino41/subscriptions","organizations_url":"https://api.github.com/users/Gavino41/orgs","repos_url":"https://api.github.com/users/Gavino41/repos","events_url":"https://api.github.com/users/Gavino41/events{/privacy}","received_events_url":"https://api.github.com/users/Gavino41/received_events","type":"User","site_admin":false,"name":null,"company":null,"blog":"","location":null,"email":null,"hireable":true,"bio":null,"twitter_username":null,"public_repos":4,"public_gists":0,"followers":0,"following":0,"created_at":"2021-08-14T03:17:46Z","updated_at":"2023-12-28T09:15:09Z","private_gists":0,"total_private_repos":4,"owned_private_repos":4,"disk_usage":161738,"collaborators":7,"two_factor_authentication":false,"plan":{"name":"free","space":976562499,"collaborators":0,"private_repos":10000}}
[info] 
[info] ✔  Success! Logged into GitHub as Gavino41 
[info] 
